<?xml version="1.0" encoding="UTF-8"?>
<coverage generated="1639138240471" clover="3.2.0">
  <project timestamp="1639138240471" name="All files">
    <metrics statements="13" coveredstatements="12" conditionals="5" coveredconditionals="4" methods="3" coveredmethods="3" elements="21" coveredelements="19" complexity="0" loc="13" ncloc="13" packages="1" files="1" classes="1"/>
    <file name="ngx-fuse-search.pipe.ts" path="/home/steve/projects/ng-libs/ngx-fuse-search/projects/ngx-fuse-search/src/lib/ngx-fuse-search.pipe.ts">
      <metrics statements="13" coveredstatements="12" conditionals="5" coveredconditionals="4" methods="3" coveredmethods="3"/>
      <line num="1" count="1" type="stmt"/>
      <line num="2" count="1" type="stmt"/>
      <line num="9" count="1" type="stmt"/>
      <line num="17" count="6" type="cond" truecount="3" falsecount="0"/>
      <line num="19" count="4" type="stmt"/>
      <line num="29" count="4" type="cond" truecount="0" falsecount="1"/>
      <line num="30" count="0" type="stmt"/>
      <line num="33" count="4" type="cond" truecount="1" falsecount="0"/>
      <line num="34" count="4" type="stmt"/>
      <line num="40" count="4" type="stmt"/>
      <line num="41" count="3" type="stmt"/>
      <line num="42" count="3" type="stmt"/>
      <line num="43" count="3" type="stmt"/>
    </file>
  </project>
</coverage>
