{"/home/steve/projects/ng-libs/ngx-fuse-search/projects/ngx-fuse-search/src/lib/ngx-fuse-search.pipe.ts": {"path":"/home/steve/projects/ng-libs/ngx-fuse-search/projects/ngx-fuse-search/src/lib/ngx-fuse-search.pipe.ts","statementMap":{"0":{"start":{"line":1,"column":0},"end":{"line":1,"column":52}},"1":{"start":{"line":2,"column":0},"end":{"line":2,"column":26}},"2":{"start":{"line":9,"column":30},"end":{"line":46,"column":null}},"3":{"start":{"line":17,"column":4},"end":{"line":17,"column":38}},"4":{"start":{"line":17,"column":25},"end":{"line":17,"column":38}},"5":{"start":{"line":19,"column":4},"end":{"line":19,"column":58}},"6":{"start":{"line":29,"column":4},"end":{"line":31,"column":null}},"7":{"start":{"line":30,"column":6},"end":{"line":30,"column":19}},"8":{"start":{"line":33,"column":4},"end":{"line":39,"column":null}},"9":{"start":{"line":34,"column":6},"end":{"line":38,"column":8}},"10":{"start":{"line":40,"column":17},"end":{"line":40,"column":41}},"11":{"start":{"line":41,"column":19},"end":{"line":41,"column":36}},"12":{"start":{"line":42,"column":4},"end":{"line":42,"column":25}},"13":{"start":{"line":43,"column":4},"end":{"line":43,"column":41}},"14":{"start":{"line":43,"column":30},"end":{"line":43,"column":39}},"15":{"start":{"line":9,"column":13},"end":{"line":46,"column":null}},"16":{"start":{"line":9,"column":13},"end":{"line":9,"column":30}}},"fnMap":{"0":{"name":"(anonymous_0)","decl":{"start":{"line":16,"column":3},"end":{"line":16,"column":12}},"loc":{"start":{"line":16,"column":69},"end":{"line":20,"column":3}}},"1":{"name":"(anonymous_1)","decl":{"start":{"line":28,"column":2},"end":{"line":28,"column":8}},"loc":{"start":{"line":28,"column":98},"end":{"line":44,"column":3}}},"2":{"name":"(anonymous_2)","decl":{"start":{"line":43,"column":22},"end":{"line":43,"column":26}},"loc":{"start":{"line":43,"column":30},"end":{"line":43,"column":39}}}},"branchMap":{"0":{"loc":{"start":{"line":17,"column":4},"end":{"line":17,"column":38}},"type":"if","locations":[{"start":{"line":17,"column":4},"end":{"line":17,"column":38}}]},"1":{"loc":{"start":{"line":17,"column":8},"end":{"line":17,"column":23}},"type":"binary-expr","locations":[{"start":{"line":17,"column":8},"end":{"line":17,"column":13}},{"start":{"line":17,"column":17},"end":{"line":17,"column":23}}]},"2":{"loc":{"start":{"line":29,"column":4},"end":{"line":31,"column":null}},"type":"if","locations":[{"start":{"line":29,"column":4},"end":{"line":31,"column":null}}]},"3":{"loc":{"start":{"line":33,"column":4},"end":{"line":39,"column":null}},"type":"if","locations":[{"start":{"line":33,"column":4},"end":{"line":39,"column":null}}]}},"s":{"0":1,"1":1,"2":1,"3":6,"4":2,"5":4,"6":4,"7":0,"8":4,"9":4,"10":4,"11":3,"12":3,"13":3,"14":2,"15":1,"16":1},"f":{"0":6,"1":4,"2":2},"b":{"0":[2],"1":[6,6],"2":[0],"3":[4]}}
}
